<?xml version="1.0" encoding="UTF-8"?>
<!-- Generated by org.testng.reporters.JUnitXMLReporter -->
<testsuite hostname="DESKTOP-328P50G" name="test login" tests="2" failures="1" timestamp="28 May 2023 21:57:52 GMT" time="31.062" errors="0">
  <testcase name="loginWithInValidCredentials" time="5.636" classname="tests.TestLogin"/>
  <testcase name="loginWithValidCredentials" time="1.166" classname="tests.TestLogin">
    <failure type="java.lang.AssertionError" message="expected [true] but found [false]">
      <![CDATA[java.lang.AssertionError: expected [true] but found [false]
	at tests.TestLogin.loginWithValidCredentials(TestLogin.java:39)
... Removed 32 stack frames]]>
    </failure>
  </testcase> <!-- loginWithValidCredentials -->
</testsuite> <!-- test login -->
