<?xml version="1.0" encoding="UTF-8"?>
<testng-results total="2" passed="1" failed="1" skipped="0">
  <reporter-output>
    <line>
      <![CDATA[Extent Report DirectoryC:\Users\nchao\AppData\Local\Temp\Rar$DRa24020.46156\MyProjectNabil\Walgreens\test-output\html]]>
    </line>
  </reporter-output>
  <suite started-at="2023-05-27T20:19:39Z" name="Walgreens" finished-at="2023-05-27T20:20:06Z" duration-ms="26989">
    <groups>
    </groups>
    <test started-at="2023-05-27T20:19:39Z" name="test login" finished-at="2023-05-27T20:20:06Z" duration-ms="26989">
      <class name="tests.TestLogin">
        <test-method is-config="true" signature="extentSetup(org.testng.ITestContext)[pri:0, instance:tests.TestLogin@221af3c0]" started-at="2023-05-27T16:19:39Z" name="extentSetup" finished-at="2023-05-27T16:19:39Z" duration-ms="304" status="PASS">
          <params>
            <param index="0">
              <value>
                <![CDATA[org.testng.TestRunner@326d27ac]]>
              </value>
            </param>
          </params>
          <reporter-output>
            <line>
              <![CDATA[Extent Report DirectoryC:\Users\nchao\AppData\Local\Temp\Rar$DRa24020.46156\MyProjectNabil\Walgreens\test-output\html]]>
            </line>
          </reporter-output>
        </test-method> <!-- extentSetup -->
        <test-method is-config="true" signature="init()[pri:0, instance:tests.TestLogin@221af3c0]" started-at="2023-05-27T16:19:39Z" name="init" finished-at="2023-05-27T16:19:50Z" duration-ms="10539" status="PASS">
          <reporter-output>
          </reporter-output>
        </test-method> <!-- init -->
        <test-method is-config="true" signature="startExtent(java.lang.reflect.Method)[pri:0, instance:tests.TestLogin@221af3c0]" started-at="2023-05-27T16:19:50Z" name="startExtent" finished-at="2023-05-27T16:19:50Z" duration-ms="5" status="PASS">
          <params>
            <param index="0">
              <value>
                <![CDATA[public void tests.TestLogin.loginWithInValidCredentials()]]>
              </value>
            </param>
          </params>
          <reporter-output>
          </reporter-output>
        </test-method> <!-- startExtent -->
        <test-method signature="loginWithInValidCredentials()[pri:0, instance:tests.TestLogin@221af3c0]" started-at="2023-05-27T16:19:50Z" name="loginWithInValidCredentials" finished-at="2023-05-27T16:19:55Z" duration-ms="5277" status="PASS">
          <reporter-output>
          </reporter-output>
        </test-method> <!-- loginWithInValidCredentials -->
        <test-method is-config="true" signature="afterEachTestMethod(org.testng.ITestResult)[pri:0, instance:tests.TestLogin@221af3c0]" started-at="2023-05-27T16:19:55Z" name="afterEachTestMethod" finished-at="2023-05-27T16:19:56Z" duration-ms="680" status="PASS">
          <params>
            <param index="0">
              <value>
                <![CDATA[[TestResult name=loginWithInValidCredentials status=SUCCESS method=TestLogin.loginWithInValidCredentials()[pri:0, instance:tests.TestLogin@221af3c0] output={null}]]]>
              </value>
            </param>
          </params>
          <reporter-output>
          </reporter-output>
        </test-method> <!-- afterEachTestMethod -->
        <test-method is-config="true" signature="tearDown()[pri:0, instance:tests.TestLogin@221af3c0]" started-at="2023-05-27T16:19:56Z" name="tearDown" finished-at="2023-05-27T16:19:56Z" duration-ms="2" status="PASS">
          <reporter-output>
          </reporter-output>
        </test-method> <!-- tearDown -->
        <test-method is-config="true" signature="init()[pri:0, instance:tests.TestLogin@221af3c0]" started-at="2023-05-27T16:19:56Z" name="init" finished-at="2023-05-27T16:20:05Z" duration-ms="9215" status="PASS">
          <reporter-output>
          </reporter-output>
        </test-method> <!-- init -->
        <test-method is-config="true" signature="startExtent(java.lang.reflect.Method)[pri:0, instance:tests.TestLogin@221af3c0]" started-at="2023-05-27T16:20:05Z" name="startExtent" finished-at="2023-05-27T16:20:05Z" duration-ms="1" status="PASS">
          <params>
            <param index="0">
              <value>
                <![CDATA[public void tests.TestLogin.loginWithValidCredentials()]]>
              </value>
            </param>
          </params>
          <reporter-output>
          </reporter-output>
        </test-method> <!-- startExtent -->
        <test-method signature="loginWithValidCredentials()[pri:0, instance:tests.TestLogin@221af3c0]" started-at="2023-05-27T16:20:05Z" name="loginWithValidCredentials" finished-at="2023-05-27T16:20:05Z" duration-ms="504" status="FAIL">
          <exception class="java.lang.AssertionError">
            <message>
              <![CDATA[expected [true] but found [false]]]>
            </message>
            <full-stacktrace>
              <![CDATA[java.lang.AssertionError: expected [true] but found [false]
	at org.testng.Assert.fail(Assert.java:94)
	at org.testng.Assert.failNotEquals(Assert.java:496)
	at org.testng.Assert.assertTrue(Assert.java:42)
	at org.testng.Assert.assertTrue(Assert.java:52)
	at tests.TestLogin.loginWithValidCredentials(TestLogin.java:39)
	at java.base/jdk.internal.reflect.NativeMethodAccessorImpl.invoke0(Native Method)
	at java.base/jdk.internal.reflect.NativeMethodAccessorImpl.invoke(NativeMethodAccessorImpl.java:77)
	at java.base/jdk.internal.reflect.DelegatingMethodAccessorImpl.invoke(DelegatingMethodAccessorImpl.java:43)
	at java.base/java.lang.reflect.Method.invoke(Method.java:568)
	at org.testng.internal.MethodInvocationHelper.invokeMethod(MethodInvocationHelper.java:85)
	at org.testng.internal.Invoker.invokeMethod(Invoker.java:639)
	at org.testng.internal.Invoker.invokeTestMethod(Invoker.java:816)
	at org.testng.internal.Invoker.invokeTestMethods(Invoker.java:1124)
	at org.testng.internal.TestMethodWorker.invokeTestMethods(TestMethodWorker.java:125)
	at org.testng.internal.TestMethodWorker.run(TestMethodWorker.java:108)
	at org.testng.TestRunner.privateRun(TestRunner.java:774)
	at org.testng.TestRunner.run(TestRunner.java:624)
	at org.testng.SuiteRunner.runTest(SuiteRunner.java:359)
	at org.testng.SuiteRunner.runSequentially(SuiteRunner.java:354)
	at org.testng.SuiteRunner.privateRun(SuiteRunner.java:312)
	at org.testng.SuiteRunner.run(SuiteRunner.java:261)
	at org.testng.SuiteRunnerWorker.runSuite(SuiteRunnerWorker.java:52)
	at org.testng.SuiteRunnerWorker.run(SuiteRunnerWorker.java:86)
	at org.testng.TestNG.runSuitesSequentially(TestNG.java:1191)
	at org.testng.TestNG.runSuitesLocally(TestNG.java:1116)
	at org.testng.TestNG.run(TestNG.java:1024)
	at com.intellij.rt.testng.IDEARemoteTestNG.run(IDEARemoteTestNG.java:66)
	at com.intellij.rt.testng.RemoteTestNGStarter.main(RemoteTestNGStarter.java:109)
]]>
            </full-stacktrace>
          </exception> <!-- java.lang.AssertionError -->
          <reporter-output>
          </reporter-output>
        </test-method> <!-- loginWithValidCredentials -->
        <test-method is-config="true" signature="afterEachTestMethod(org.testng.ITestResult)[pri:0, instance:tests.TestLogin@221af3c0]" started-at="2023-05-27T16:20:05Z" name="afterEachTestMethod" finished-at="2023-05-27T16:20:06Z" duration-ms="744" status="PASS">
          <params>
            <param index="0">
              <value>
                <![CDATA[[TestResult name=loginWithValidCredentials status=FAILURE method=TestLogin.loginWithValidCredentials()[pri:0, instance:tests.TestLogin@221af3c0] output={null}]]]>
              </value>
            </param>
          </params>
          <reporter-output>
          </reporter-output>
        </test-method> <!-- afterEachTestMethod -->
        <test-method is-config="true" signature="tearDown()[pri:0, instance:tests.TestLogin@221af3c0]" started-at="2023-05-27T16:20:06Z" name="tearDown" finished-at="2023-05-27T16:20:06Z" duration-ms="0" status="PASS">
          <reporter-output>
          </reporter-output>
        </test-method> <!-- tearDown -->
        <test-method is-config="true" signature="generateReport()[pri:0, instance:tests.TestLogin@221af3c0]" started-at="2023-05-27T16:20:06Z" name="generateReport" finished-at="2023-05-27T16:20:06Z" duration-ms="54" status="PASS">
          <reporter-output>
          </reporter-output>
        </test-method> <!-- generateReport -->
      </class> <!-- tests.TestLogin -->
    </test> <!-- test login -->
  </suite> <!-- Walgreens -->
</testng-results>
